<?xml version="1.0" encoding="UTF-8"?>
<!-- Generated by org.testng.reporters.JUnitReportReporter -->
<testsuite name="example.VU_Android" tests="1" time="10.071" ignored="0" failures="0" timestamp="24 Feb 2017 08:35:15 GMT" skipped="0" hostname="S19" errors="0">
  <testcase name="login" time="10.071" classname="example.VU_Android"/>
</testsuite> <!-- example.VU_Android -->
