<?xml version="1.0" encoding="UTF-8"?>
<!-- Generated by org.testng.reporters.JUnitReportReporter -->
<testsuite name="test_suite.demoTest" tests="1" time="32.382" ignored="0" failures="0" timestamp="24 Feb 2017 09:09:35 GMT" skipped="0" hostname="S19" errors="0">
  <testcase name="testEasy" time="32.382" classname="test_suite.demoTest"/>
</testsuite> <!-- test_suite.demoTest -->
